<?xml version="1.0" encoding="UTF-8"?>
<!-- Generated by org.testng.reporters.JUnitReportReporter -->
<testsuite skipped="0" hostname="EG-AMOHAMMAD" name="com.sample.tests.CalendarTests" tests="3" failures="0" timestamp="2020-07-16T12:28:20 EET" time="27.863" errors="0">
  <testcase name="testCalFun" time="20.569" classname="com.sample.tests.CalendarTests"/>
  <system-out/>
  <testcase name="testCountOfEvents" time="6.275" classname="com.sample.tests.CalendarTests"/>
  <system-out/>
  <testcase name="testCalRemainder" time="1.019" classname="com.sample.tests.CalendarTests"/>
  <system-out/>
</testsuite> <!-- com.sample.tests.CalendarTests -->
