<?xml version="1.0" encoding="UTF-8"?>
<!-- Generated by org.testng.reporters.JUnitReportReporter -->
<testsuite skipped="0" hostname="EG-AMOHAMMAD" name="com.sample.tests.LoginTests" tests="1" failures="0" timestamp="2020-07-14T17:46:36 EET" time="27.873" errors="0">
  <testcase name="testCalFun" time="27.873" classname="com.sample.tests.LoginTests"/>
  <system-out/>
</testsuite> <!-- com.sample.tests.LoginTests -->
